[23:22:08] [main/WARN]: Ambiguity between arguments [teleport, destination] and [teleport, targets] with inputs: [Player, 0123, @e, dd12be42-52a9-4a91-a8a1-11c01849e498]
[23:22:08] [main/WARN]: Ambiguity between arguments [teleport, location] and [teleport, destination] with inputs: [0.1 -0.5 .9, 0 0 0]
[23:22:08] [main/WARN]: Ambiguity between arguments [teleport, location] and [teleport, targets] with inputs: [0.1 -0.5 .9, 0 0 0]
[23:22:08] [main/WARN]: Ambiguity between arguments [teleport, targets] and [teleport, destination] with inputs: [Player, 0123, dd12be42-52a9-4a91-a8a1-11c01849e498]
[23:22:08] [main/WARN]: Ambiguity between arguments [teleport, targets, location] and [teleport, targets, destination] with inputs: [0.1 -0.5 .9, 0 0 0]
[23:22:08] [Server thread/INFO]: Starting minecraft server version 1.14.2
[23:22:08] [Server thread/INFO]: Loading properties
[23:22:08] [Server thread/INFO]: Default game type: SURVIVAL
[23:22:08] [Server thread/INFO]: Generating keypair
[23:22:08] [Server thread/INFO]: Starting Minecraft server on *:25565
[23:22:09] [Server thread/INFO]: Using epoll channel type
[23:22:09] [Server thread/WARN]: **** SERVER IS RUNNING IN OFFLINE/INSECURE MODE!
[23:22:09] [Server thread/WARN]: The server will make no attempt to authenticate usernames. Beware.
[23:22:09] [Server thread/WARN]: While this makes the game possible to play without internet access, it also opens up the ability for hackers to connect with any username they choose.
[23:22:09] [Server thread/WARN]: To change this, set "online-mode" to "true" in the server.properties file.
[23:22:09] [Server thread/INFO]: Preparing level "pig farm"
[23:22:09] [Server thread/INFO]: Reloading ResourceManager: Default
[23:22:11] [Server thread/INFO]: Loaded 6 recipes
[23:22:13] [Server thread/INFO]: Loaded 811 advancements
[23:22:15] [Server thread/INFO]: Preparing start region for dimension minecraft:overworld
[23:22:20] [Server thread/INFO]: Preparing spawn area: 0%
[23:22:20] [Server thread/INFO]: Preparing spawn area: 0%
[23:22:20] [Server thread/INFO]: Preparing spawn area: 0%
[23:22:20] [Server thread/INFO]: Preparing spawn area: 0%
[23:22:20] [Server thread/INFO]: Preparing spawn area: 0%
[23:22:20] [Server thread/INFO]: Preparing spawn area: 0%
[23:22:20] [Server thread/INFO]: Preparing spawn area: 0%
[23:22:20] [Server thread/INFO]: Preparing spawn area: 0%
[23:22:20] [Server thread/INFO]: Preparing spawn area: 0%
[23:22:20] [Server thread/INFO]: Preparing spawn area: 0%
[23:22:20] [Server thread/INFO]: Preparing spawn area: 0%
[23:22:46] [Server-Worker-1/INFO]: Preparing spawn area: 0%
[23:22:46] [Server-Worker-1/INFO]: Preparing spawn area: 0%
[23:22:46] [Server-Worker-1/INFO]: Preparing spawn area: 0%
[23:22:46] [Server-Worker-1/INFO]: Preparing spawn area: 0%
[23:22:46] [Server-Worker-1/INFO]: Preparing spawn area: 0%
[23:22:46] [Server-Worker-1/INFO]: Preparing spawn area: 0%
[23:22:46] [Server-Worker-1/INFO]: Preparing spawn area: 0%
[23:22:46] [Server-Worker-1/INFO]: Preparing spawn area: 0%
[23:22:46] [Server-Worker-1/INFO]: Preparing spawn area: 0%
[23:22:46] [Server-Worker-1/INFO]: Preparing spawn area: 0%
[23:22:46] [Server-Worker-1/INFO]: Preparing spawn area: 0%
[23:22:46] [Server-Worker-1/INFO]: Preparing spawn area: 0%
[23:22:46] [Server-Worker-1/INFO]: Preparing spawn area: 0%
[23:22:46] [Server-Worker-1/INFO]: Preparing spawn area: 0%
[23:22:46] [Server-Worker-1/INFO]: Preparing spawn area: 0%
[23:22:46] [Server-Worker-1/INFO]: Preparing spawn area: 0%
[23:22:46] [Server-Worker-1/INFO]: Preparing spawn area: 0%
[23:22:46] [Server-Worker-1/INFO]: Preparing spawn area: 0%
[23:22:46] [Server-Worker-1/INFO]: Preparing spawn area: 0%
[23:22:46] [Server-Worker-1/INFO]: Preparing spawn area: 0%
[23:22:46] [Server-Worker-1/INFO]: Preparing spawn area: 0%
[23:22:46] [Server-Worker-1/INFO]: Preparing spawn area: 0%
[23:22:46] [Server-Worker-1/INFO]: Preparing spawn area: 0%
[23:22:46] [Server-Worker-1/INFO]: Preparing spawn area: 0%
[23:22:46] [Server-Worker-1/INFO]: Preparing spawn area: 0%
[23:22:46] [Server-Worker-1/INFO]: Preparing spawn area: 0%
[23:22:46] [Server-Worker-1/INFO]: Preparing spawn area: 0%
[23:22:46] [Server-Worker-1/INFO]: Preparing spawn area: 0%
[23:22:46] [Server-Worker-1/INFO]: Preparing spawn area: 0%
[23:22:46] [Server-Worker-1/INFO]: Preparing spawn area: 0%
[23:22:46] [Server-Worker-1/INFO]: Preparing spawn area: 0%
[23:22:46] [Server-Worker-1/INFO]: Preparing spawn area: 0%
[23:22:46] [Server-Worker-1/INFO]: Preparing spawn area: 0%
[23:22:46] [Server-Worker-1/INFO]: Preparing spawn area: 0%
[23:22:46] [Server-Worker-1/INFO]: Preparing spawn area: 0%
[23:22:46] [Server-Worker-1/INFO]: Preparing spawn area: 0%
[23:22:46] [Server-Worker-1/INFO]: Preparing spawn area: 0%
[23:22:46] [Server-Worker-1/INFO]: Preparing spawn area: 0%
[23:22:46] [Server-Worker-1/INFO]: Preparing spawn area: 0%
[23:22:46] [Server-Worker-1/INFO]: Preparing spawn area: 0%
[23:22:46] [Server-Worker-1/INFO]: Preparing spawn area: 0%
[23:22:46] [Server-Worker-1/INFO]: Preparing spawn area: 0%
[23:22:46] [Server-Worker-1/INFO]: Preparing spawn area: 0%
[23:22:46] [Server-Worker-1/INFO]: Preparing spawn area: 0%
[23:22:46] [Server-Worker-1/INFO]: Preparing spawn area: 0%
[23:22:46] [Server-Worker-1/INFO]: Preparing spawn area: 0%
[23:22:46] [Server-Worker-1/INFO]: Preparing spawn area: 0%
[23:22:46] [Server-Worker-1/INFO]: Preparing spawn area: 0%
[23:22:46] [Server-Worker-1/INFO]: Preparing spawn area: 0%
[23:22:46] [Server-Worker-1/INFO]: Preparing spawn area: 0%
[23:22:46] [Server-Worker-1/INFO]: Preparing spawn area: 0%
[23:22:46] [Server-Worker-1/INFO]: Preparing spawn area: 0%
[23:22:47] [Server thread/INFO]: Preparing spawn area: 1%
[23:22:47] [Server thread/INFO]: Preparing spawn area: 64%
[23:22:48] [Server thread/INFO]: Time elapsed: 32450 ms
[23:22:48] [Server thread/INFO]: Done (38.739s)! For help, type "help"
[23:23:47] [Server thread/INFO]: sophay[/223.104.173.192:22085] logged in with entity id 142 at (15.43991092861496, 63.5625, 474.60991465392675)
[23:23:47] [Server thread/INFO]: sophay joined the game
[23:23:50] [Server thread/WARN]: Can't keep up! Is the server overloaded? Running 2649ms or 52 ticks behind
[23:24:13] [Server thread/WARN]: Can't keep up! Is the server overloaded? Running 7549ms or 150 ticks behind
[23:24:17] [Server thread/INFO]: sophay lost connection: Disconnected
[23:24:17] [Server thread/INFO]: sophay left the game
[23:24:31] [Server thread/INFO]: sophay[/223.104.173.192:22086] logged in with entity id 936 at (15.43991092861496, 63.5625, 474.60991465392675)
[23:24:31] [Server thread/INFO]: sophay joined the game
[23:24:34] [Server thread/WARN]: Can't keep up! Is the server overloaded? Running 2078ms or 41 ticks behind
[23:24:35] [Server thread/INFO]: sophay lost connection: Disconnected
[23:24:35] [Server thread/INFO]: sophay left the game
[23:28:02] [Server thread/WARN]: Can't keep up! Is the server overloaded? Running 2070ms or 41 ticks behind
[23:34:11] [Server thread/INFO]: sophay[/223.104.173.192:22088] logged in with entity id 1159 at (15.43991092861496, 63.5625, 474.60991465392675)
[23:34:11] [Server thread/INFO]: sophay joined the game
[23:34:14] [Server thread/WARN]: Can't keep up! Is the server overloaded? Running 2010ms or 40 ticks behind
[23:47:40] [Server thread/INFO]: sophay lost connection: Disconnected
[23:47:40] [Server thread/INFO]: sophay left the game
[23:59:06] [Server thread/WARN]: Can't keep up! Is the server overloaded? Running 25020ms or 500 ticks behind
[23:59:06] [Server thread/INFO]: Stopping server
[23:59:06] [Server thread/INFO]: Saving players
[23:59:06] [Server thread/INFO]: Saving worlds
[23:59:06] [Server thread/INFO]: Saving chunks for level 'pig farm'/minecraft:the_nether
[23:59:06] [Server thread/INFO]: ThreadedAnvilChunkStorage (DIM-1): All chunks are saved
[23:59:06] [Server thread/INFO]: Saving chunks for level 'pig farm'/minecraft:the_end
[23:59:06] [Server thread/INFO]: ThreadedAnvilChunkStorage (DIM1): All chunks are saved
